2026-06-17 18:59:38 | INFO     | ETL | Processing data in parallel | total_records=1044 | chunk_size=100 | total_chunks=11
2026-06-17 19:11:14 | INFO     | ETL | Processing data in parallel | total_records=1044 | chunk_size=100 | total_chunks=11
2026-06-17 19:11:14 | INFO     | ETL | Completed parallel processing | total_chunks=11
2026-06-17 19:12:19 | INFO     | ETL | Processing data in parallel | total_records=1044 | chunk_size=100 | total_chunks=11
2026-06-17 19:12:19 | INFO     | ETL | Completed parallel processing | total_chunks=11
2026-06-17 19:21:17 | INFO     | ETL | Processing data in parallel | total_records=1044 | chunk_size=100 | total_chunks=11
2026-06-17 19:21:17 | INFO     | ETL | Completed parallel processing | total_chunks=11
2026-06-17 19:21:51 | INFO     | ETL | Processing data in parallel | total_records=1044 | chunk_size=100 | total_chunks=11
2026-06-17 19:21:51 | INFO     | ETL | Completed parallel processing | total_chunks=11
2026-06-17 19:23:54 | INFO     | ETL | Processing data in parallel | total_records=1044 | chunk_size=100 | total_chunks=11
2026-06-17 19:23:54 | INFO     | ETL | Completed parallel processing | total_chunks=11
2026-06-17 19:24:26 | INFO     | ETL | Processing data in parallel | total_records=1044 | chunk_size=100 | total_chunks=11
2026-06-17 19:24:26 | INFO     | ETL | Completed parallel processing | total_chunks=11
2026-06-17 19:38:00 | INFO     | ETL | Processing data in parallel | total_records=1044 | chunk_size=100 | total_chunks=11
2026-06-17 19:38:00 | INFO     | ETL | Completed parallel processing | total_chunks=11
2026-06-17 19:39:47 | INFO     | ETL | Processing data in parallel | total_records=1044 | chunk_size=100 | total_chunks=11
2026-06-17 19:39:47 | INFO     | ETL | Completed parallel processing | total_chunks=11
2026-06-17 19:39:47 | INFO     | ETL | Data processing completed, starting load phase | total_entities=278 | total_relationships=764
2026-06-17 19:41:48 | INFO     | ETL | Processing data in parallel | total_records=1044 | chunk_size=100 | total_chunks=11
2026-06-17 19:41:48 | INFO     | ETL | Completed parallel processing | total_chunks=11
2026-06-17 19:41:48 | INFO     | ETL | Data processing completed, starting load phase | total_entities=278 | total_relationships=764
2026-06-17 19:42:03 | INFO     | ETL | Processing data in parallel | total_records=1044 | chunk_size=100 | total_chunks=11
2026-06-17 19:42:03 | INFO     | ETL | Completed parallel processing | total_chunks=11
2026-06-17 19:42:03 | INFO     | ETL | Data processing completed, starting load phase | total_entities=278 | total_relationships=764
2026-06-17 19:42:44 | INFO     | ETL | Processing data in parallel | total_records=1044 | chunk_size=100 | total_chunks=11
2026-06-17 19:42:44 | INFO     | ETL | Completed parallel processing | total_chunks=11
2026-06-17 19:42:44 | INFO     | ETL | Data processing completed, starting load phase | total_entities=278 | total_relationships=764
2026-06-17 19:42:45 | INFO     | ETL | Starting loding phase
2026-06-17 19:44:57 | INFO     | ETL | Processing data in parallel | total_records=1044 | chunk_size=100 | total_chunks=11
2026-06-17 19:44:57 | INFO     | ETL | Completed parallel processing | total_chunks=11
2026-06-17 19:44:57 | INFO     | ETL | Data processing completed, starting load phase | total_entities=278 | total_relationships=764
2026-06-17 19:45:13 | INFO     | ETL | Processing data in parallel | total_records=1044 | chunk_size=100 | total_chunks=11
2026-06-17 19:45:13 | INFO     | ETL | Completed parallel processing | total_chunks=11
2026-06-17 19:45:13 | INFO     | ETL | Data processing completed, starting load phase | total_entities=278 | total_relationships=764
2026-06-17 19:45:13 | INFO     | ETL | {}
2026-06-17 19:45:13 | INFO     | ETL | Starting loding phase
2026-06-17 19:45:48 | INFO     | ETL | Processing data in parallel | total_records=1044 | chunk_size=100 | total_chunks=11
2026-06-17 19:45:48 | INFO     | ETL | Completed parallel processing | total_chunks=11
2026-06-17 19:45:48 | INFO     | ETL | Data processing completed, starting load phase | total_entities=278 | total_relationships=764
2026-06-17 19:45:48 | INFO     | ETL | {'type': 'tactic', 'id': 'x-mitre-tactic--e78b4630-6ed6-5f22-9409-f6f4fcf4e78c', 'metadata': {'created': '2021-05-13T00:00:00.000Z', 'modified': '2025-10-13T00:00:00.000Z', 'description': 'The adversary is attempting to gain some level of access to an AI model.\n\nAI Model Access enables techniques that use various types of access to the AI model that can be used by the adversary to gain information, develop attacks, and as a means to input data to the model.\nThe level of access can range from the full knowledge of the internals of the model to access to the physical environment where data is collected for use in the AI model.\nThe adversary may use varying levels of model access during the course of their attack, from staging the attack to impacting the target system.\n\nAccess to an AI model may require access to the system housing the model, the model may be publicly accessible via an API, or it may be accessed indirectly via interaction with a product or service that utilizes AI as part of its processes.'}}
2026-06-17 19:45:48 | INFO     | ETL | Starting loding phase
2026-06-17 19:47:44 | INFO     | ETL | Processing data in parallel | total_records=1044 | chunk_size=100 | total_chunks=11
2026-06-17 19:47:44 | INFO     | ETL | Completed parallel processing | total_chunks=11
2026-06-17 19:47:44 | INFO     | ETL | Data processing completed, starting load phase | total_entities=278 | total_relationships=764
2026-06-17 19:47:44 | INFO     | ETL | Starting loding phase
2026-06-17 19:47:44 | INFO     | ETL | Preparing to load nodes | node_type=tactic | count=0
2026-06-17 19:55:43 | INFO     | ETL | Processing data in parallel | total_records=1044 | chunk_size=100 | total_chunks=11
2026-06-17 19:55:43 | INFO     | ETL | Completed parallel processing | total_chunks=11
2026-06-17 19:55:43 | INFO     | ETL | Data processing completed, starting load phase | total_entities=278 | total_relationships=764
2026-06-17 19:55:43 | INFO     | ETL | Starting loding phase
2026-06-17 19:55:43 | INFO     | ETL | Preparing to load nodes | node_type=tactic | count=0
2026-06-17 19:55:43 | INFO     | ETL | Nodes loaded into Neo4j | nodes=0
2026-06-17 19:55:43 | INFO     | ETL | Preparing to load nodes | node_type=technique | count=0
2026-06-17 19:55:43 | INFO     | ETL | Nodes loaded into Neo4j | nodes=0
2026-06-17 19:55:43 | INFO     | ETL | Preparing to load nodes | node_type=mitigation | count=0
2026-06-17 19:55:43 | INFO     | ETL | Nodes loaded into Neo4j | nodes=0
2026-06-17 19:55:43 | INFO     | ETL | Preparing to load nodes | node_type=casestudy | count=0
2026-06-17 19:55:43 | INFO     | ETL | Nodes loaded into Neo4j | nodes=0
2026-06-17 19:55:43 | INFO     | ETL | Preparing to load relationships | relationship_type=tactic | count=0
2026-06-17 19:55:43 | INFO     | ETL | Data loaded into Neo4j | relationships=0
2026-06-17 19:55:43 | INFO     | ETL | Preparing to load relationships | relationship_type=technique | count=0
2026-06-17 19:55:43 | INFO     | ETL | Data loaded into Neo4j | relationships=0
2026-06-17 19:55:43 | INFO     | ETL | Preparing to load relationships | relationship_type=mitigation | count=0
2026-06-17 19:55:43 | INFO     | ETL | Data loaded into Neo4j | relationships=0
2026-06-17 19:55:43 | INFO     | ETL | Preparing to load relationships | relationship_type=casestudy | count=0
2026-06-17 19:55:43 | INFO     | ETL | Data loaded into Neo4j | relationships=0
2026-06-17 19:58:30 | INFO     | ETL | Processing data in parallel | total_records=1044 | chunk_size=100 | total_chunks=11
2026-06-17 19:58:30 | INFO     | ETL | Completed parallel processing | total_chunks=11
2026-06-17 19:58:30 | INFO     | ETL | Data processing completed, starting load phase | total_entities=278 | total_relationships=764
2026-06-17 19:58:30 | INFO     | ETL | {'type': 'tactic', 'id': 'x-mitre-tactic--e78b4630-6ed6-5f22-9409-f6f4fcf4e78c', 'created': '2021-05-13T00:00:00.000Z', 'modified': '2025-10-13T00:00:00.000Z', 'description': 'The adversary is attempting to gain some level of access to an AI model.\n\nAI Model Access enables techniques that use various types of access to the AI model that can be used by the adversary to gain information, develop attacks, and as a means to input data to the model.\nThe level of access can range from the full knowledge of the internals of the model to access to the physical environment where data is collected for use in the AI model.\nThe adversary may use varying levels of model access during the course of their attack, from staging the attack to impacting the target system.\n\nAccess to an AI model may require access to the system housing the model, the model may be publicly accessible via an API, or it may be accessed indirectly via interaction with a product or service that utilizes AI as part of its processes.'}
2026-06-17 19:58:30 | INFO     | ETL | Starting loding phase
2026-06-17 19:58:30 | INFO     | ETL | Preparing to load nodes | node_type=tactic | count=0
2026-06-17 19:58:30 | INFO     | ETL | Nodes loaded into Neo4j | nodes=0
2026-06-17 19:58:30 | INFO     | ETL | Preparing to load nodes | node_type=technique | count=0
2026-06-17 19:58:30 | INFO     | ETL | Nodes loaded into Neo4j | nodes=0
2026-06-17 19:58:30 | INFO     | ETL | Preparing to load nodes | node_type=mitigation | count=0
2026-06-17 19:58:30 | INFO     | ETL | Nodes loaded into Neo4j | nodes=0
2026-06-17 19:58:30 | INFO     | ETL | Preparing to load nodes | node_type=casestudy | count=0
2026-06-17 19:58:30 | INFO     | ETL | Nodes loaded into Neo4j | nodes=0
2026-06-17 19:58:30 | INFO     | ETL | Preparing to load relationships | relationship_type=tactic | count=0
2026-06-17 19:58:30 | INFO     | ETL | Data loaded into Neo4j | relationships=0
2026-06-17 19:58:30 | INFO     | ETL | Preparing to load relationships | relationship_type=technique | count=0
2026-06-17 19:58:30 | INFO     | ETL | Data loaded into Neo4j | relationships=0
2026-06-17 19:58:30 | INFO     | ETL | Preparing to load relationships | relationship_type=mitigation | count=0
2026-06-17 19:58:30 | INFO     | ETL | Data loaded into Neo4j | relationships=0
2026-06-17 19:58:30 | INFO     | ETL | Preparing to load relationships | relationship_type=casestudy | count=0
2026-06-17 19:58:30 | INFO     | ETL | Data loaded into Neo4j | relationships=0
2026-06-17 19:59:14 | INFO     | ETL | Processing data in parallel | total_records=1044 | chunk_size=100 | total_chunks=11
2026-06-17 19:59:14 | INFO     | ETL | Completed parallel processing | total_chunks=11
2026-06-17 19:59:14 | INFO     | ETL | Data processing completed, starting load phase | total_entities=278 | total_relationships=764
2026-06-17 19:59:18 | INFO     | ETL | Processing data in parallel | total_records=1044 | chunk_size=100 | total_chunks=11
2026-06-17 19:59:18 | INFO     | ETL | Completed parallel processing | total_chunks=11
2026-06-17 19:59:18 | INFO     | ETL | Data processing completed, starting load phase | total_entities=278 | total_relationships=764
2026-06-17 19:59:18 | INFO     | ETL | []
2026-06-17 19:59:18 | INFO     | ETL | Starting loding phase
2026-06-17 19:59:18 | INFO     | ETL | Preparing to load nodes | node_type=tactic | count=0
2026-06-17 19:59:18 | INFO     | ETL | Nodes loaded into Neo4j | nodes=0
2026-06-17 19:59:18 | INFO     | ETL | Preparing to load nodes | node_type=technique | count=0
2026-06-17 19:59:18 | INFO     | ETL | Nodes loaded into Neo4j | nodes=0
2026-06-17 19:59:18 | INFO     | ETL | Preparing to load nodes | node_type=mitigation | count=0
2026-06-17 19:59:18 | INFO     | ETL | Nodes loaded into Neo4j | nodes=0
2026-06-17 19:59:18 | INFO     | ETL | Preparing to load nodes | node_type=casestudy | count=0
2026-06-17 19:59:18 | INFO     | ETL | Nodes loaded into Neo4j | nodes=0
2026-06-17 19:59:18 | INFO     | ETL | Preparing to load relationships | relationship_type=tactic | count=0
2026-06-17 19:59:18 | INFO     | ETL | Data loaded into Neo4j | relationships=0
2026-06-17 19:59:18 | INFO     | ETL | Preparing to load relationships | relationship_type=technique | count=0
2026-06-17 19:59:18 | INFO     | ETL | Data loaded into Neo4j | relationships=0
2026-06-17 19:59:18 | INFO     | ETL | Preparing to load relationships | relationship_type=mitigation | count=0
2026-06-17 19:59:18 | INFO     | ETL | Data loaded into Neo4j | relationships=0
2026-06-17 19:59:18 | INFO     | ETL | Preparing to load relationships | relationship_type=casestudy | count=0
2026-06-17 19:59:18 | INFO     | ETL | Data loaded into Neo4j | relationships=0
2026-06-17 20:00:03 | INFO     | ETL | Processing data in parallel | total_records=1044 | chunk_size=100 | total_chunks=11
2026-06-17 20:00:03 | INFO     | ETL | Completed parallel processing | total_chunks=11
2026-06-17 20:00:03 | INFO     | ETL | Data processing completed, starting load phase | total_entities=278 | total_relationships=764
2026-06-17 20:00:03 | INFO     | ETL | Starting loding phase
2026-06-17 20:00:03 | INFO     | ETL | Preparing to load nodes | node_type=tactic | count=0
2026-06-17 20:00:03 | INFO     | ETL | Nodes loaded into Neo4j | nodes=0
2026-06-17 20:00:03 | INFO     | ETL | Preparing to load nodes | node_type=technique | count=0
2026-06-17 20:00:03 | INFO     | ETL | Nodes loaded into Neo4j | nodes=0
2026-06-17 20:00:03 | INFO     | ETL | Preparing to load nodes | node_type=mitigation | count=0
2026-06-17 20:00:03 | INFO     | ETL | Nodes loaded into Neo4j | nodes=0
2026-06-17 20:00:03 | INFO     | ETL | Preparing to load nodes | node_type=casestudy | count=0
2026-06-17 20:00:03 | INFO     | ETL | Nodes loaded into Neo4j | nodes=0
2026-06-17 20:00:03 | INFO     | ETL | Preparing to load relationships | relationship_type=tactic | count=0
2026-06-17 20:00:03 | INFO     | ETL | Data loaded into Neo4j | relationships=0
2026-06-17 20:00:03 | INFO     | ETL | Preparing to load relationships | relationship_type=technique | count=0
2026-06-17 20:00:03 | INFO     | ETL | Data loaded into Neo4j | relationships=0
2026-06-17 20:00:03 | INFO     | ETL | Preparing to load relationships | relationship_type=mitigation | count=0
2026-06-17 20:00:03 | INFO     | ETL | Data loaded into Neo4j | relationships=0
2026-06-17 20:00:03 | INFO     | ETL | Preparing to load relationships | relationship_type=casestudy | count=0
2026-06-17 20:00:03 | INFO     | ETL | Data loaded into Neo4j | relationships=0
2026-06-17 20:00:28 | INFO     | ETL | Processing data in parallel | total_records=1044 | chunk_size=100 | total_chunks=11
2026-06-17 20:00:28 | INFO     | ETL | Completed parallel processing | total_chunks=11
2026-06-17 20:00:28 | INFO     | ETL | Data processing completed, starting load phase | total_entities=278 | total_relationships=764
2026-06-17 20:00:28 | INFO     | ETL | Starting loding phase
2026-06-17 20:00:28 | INFO     | ETL | Preparing to load nodes | node_type=tactic | count=0
2026-06-17 20:00:28 | INFO     | ETL | Nodes loaded into Neo4j | nodes=0
2026-06-17 20:00:28 | INFO     | ETL | Preparing to load nodes | node_type=technique | count=0
2026-06-17 20:00:28 | INFO     | ETL | Nodes loaded into Neo4j | nodes=0
2026-06-17 20:00:28 | INFO     | ETL | Preparing to load nodes | node_type=mitigation | count=0
2026-06-17 20:00:28 | INFO     | ETL | Nodes loaded into Neo4j | nodes=0
2026-06-17 20:00:28 | INFO     | ETL | Preparing to load nodes | node_type=casestudy | count=0
2026-06-17 20:00:28 | INFO     | ETL | Nodes loaded into Neo4j | nodes=0
2026-06-17 20:00:28 | INFO     | ETL | Preparing to load relationships | relationship_type=tactic | count=0
2026-06-17 20:00:28 | INFO     | ETL | Data loaded into Neo4j | relationships=0
2026-06-17 20:00:28 | INFO     | ETL | Preparing to load relationships | relationship_type=technique | count=0
2026-06-17 20:00:28 | INFO     | ETL | Data loaded into Neo4j | relationships=0
2026-06-17 20:00:28 | INFO     | ETL | Preparing to load relationships | relationship_type=mitigation | count=0
2026-06-17 20:00:28 | INFO     | ETL | Data loaded into Neo4j | relationships=0
2026-06-17 20:00:28 | INFO     | ETL | Preparing to load relationships | relationship_type=casestudy | count=0
2026-06-17 20:00:28 | INFO     | ETL | Data loaded into Neo4j | relationships=0
2026-06-17 20:02:54 | INFO     | ETL | Processing data in parallel | total_records=1044 | chunk_size=100 | total_chunks=11
2026-06-17 20:02:54 | INFO     | ETL | Completed parallel processing | total_chunks=11
2026-06-17 20:02:54 | INFO     | ETL | Data processing completed, starting load phase | total_entities=278 | total_relationships=764
2026-06-17 20:02:54 | INFO     | ETL | Starting loding phase
2026-06-17 20:02:54 | INFO     | ETL | Preparing to load nodes | node_type=tactic | count=16
2026-06-17 20:02:54 | INFO     | ETL | Nodes loaded into Neo4j | nodes=16
2026-06-17 20:02:54 | INFO     | ETL | Preparing to load nodes | node_type=technique | count=170
2026-06-17 20:02:54 | INFO     | ETL | Nodes loaded into Neo4j | nodes=170
2026-06-17 20:02:54 | INFO     | ETL | Preparing to load nodes | node_type=mitigation | count=35
2026-06-17 20:02:54 | INFO     | ETL | Nodes loaded into Neo4j | nodes=35
2026-06-17 20:02:54 | INFO     | ETL | Preparing to load nodes | node_type=casestudy | count=57
2026-06-17 20:02:55 | INFO     | ETL | Nodes loaded into Neo4j | nodes=57
2026-06-17 20:02:55 | INFO     | ETL | Preparing to load relationships | relationship_type=subtechnique-of | count=69
2026-06-17 20:09:15 | INFO     | ETL | Processing data in parallel | total_records=1044 | chunk_size=100 | total_chunks=11
2026-06-17 20:09:15 | INFO     | ETL | Completed parallel processing | total_chunks=11
2026-06-17 20:09:15 | INFO     | ETL | Data processing completed, starting load phase | total_entities=278 | total_relationships=764
2026-06-17 20:09:15 | INFO     | ETL | Starting loding phase
2026-06-17 20:09:15 | INFO     | ETL | Preparing to load nodes | node_type=tactic | count=16
2026-06-17 20:09:15 | INFO     | ETL | Nodes loaded into Neo4j | nodes=16
2026-06-17 20:09:15 | INFO     | ETL | Preparing to load nodes | node_type=technique | count=170
2026-06-17 20:09:15 | INFO     | ETL | Nodes loaded into Neo4j | nodes=170
2026-06-17 20:09:15 | INFO     | ETL | Preparing to load nodes | node_type=mitigation | count=35
2026-06-17 20:09:15 | INFO     | ETL | Nodes loaded into Neo4j | nodes=35
2026-06-17 20:09:15 | INFO     | ETL | Preparing to load nodes | node_type=casestudy | count=57
2026-06-17 20:09:15 | INFO     | ETL | Nodes loaded into Neo4j | nodes=57
2026-06-17 20:09:15 | INFO     | ETL | Preparing to load relationships | relationship_type=subtechnique_of | count=69
2026-06-17 20:09:16 | INFO     | ETL | Data loaded into Neo4j | relationships=69
2026-06-17 20:09:16 | INFO     | ETL | Preparing to load relationships | relationship_type=mitigates | count=246
2026-06-17 20:09:16 | INFO     | ETL | Data loaded into Neo4j | relationships=246
2026-06-17 20:09:16 | INFO     | ETL | Preparing to load relationships | relationship_type=uses | count=449
2026-06-17 20:09:16 | INFO     | ETL | Data loaded into Neo4j | relationships=449
2026-06-18 12:53:58 | INFO     | ETL | Processing data in parallel | total_records=1044 | chunk_size=100 | total_chunks=11
2026-06-18 12:53:58 | INFO     | ETL | Completed parallel processing | total_chunks=11
2026-06-18 12:53:58 | INFO     | ETL | Completed advanced processing | total_advanced_chunks=1
2026-06-18 12:53:58 | INFO     | ETL | Data processing completed, starting load phase | total_entities=278 | total_relationships=764
2026-06-18 12:53:58 | INFO     | ETL | Starting loding phase
2026-06-18 12:53:58 | INFO     | ETL | Preparing to load nodes | node_type=tactic | count=16
2026-06-18 12:53:58 | INFO     | ETL | Nodes loaded into Neo4j | nodes=16
2026-06-18 12:53:58 | INFO     | ETL | Preparing to load nodes | node_type=technique | count=170
2026-06-18 12:53:58 | INFO     | ETL | Nodes loaded into Neo4j | nodes=170
2026-06-18 12:53:58 | INFO     | ETL | Preparing to load nodes | node_type=mitigation | count=35
2026-06-18 12:53:58 | INFO     | ETL | Nodes loaded into Neo4j | nodes=35
2026-06-18 12:53:58 | INFO     | ETL | Preparing to load nodes | node_type=casestudy | count=57
2026-06-18 12:53:58 | INFO     | ETL | Nodes loaded into Neo4j | nodes=57
2026-06-18 12:53:58 | INFO     | ETL | Preparing to load relationships | relationship_type=subtechnique_of | count=69
2026-06-18 12:53:58 | INFO     | ETL | Data loaded into Neo4j | relationships=69
2026-06-18 12:53:58 | INFO     | ETL | Preparing to load relationships | relationship_type=mitigates | count=246
2026-06-18 12:53:59 | INFO     | ETL | Data loaded into Neo4j | relationships=246
2026-06-18 12:53:59 | INFO     | ETL | Preparing to load relationships | relationship_type=uses | count=449
2026-06-18 12:53:59 | INFO     | ETL | Data loaded into Neo4j | relationships=449
2026-06-18 12:57:51 | INFO     | ETL | Processing data in parallel | total_records=1044 | chunk_size=100 | total_chunks=11
2026-06-18 12:57:51 | INFO     | ETL | Completed parallel processing | total_chunks=11
2026-06-18 12:57:51 | INFO     | ETL | Completed advanced processing | total_advanced_chunks=1
2026-06-18 12:57:51 | INFO     | ETL | ->Advanced processing results | total_advanced_relations=0
2026-06-18 12:57:51 | INFO     | ETL | Data processing completed, starting load phase | total_entities=278 | total_relationships=764
2026-06-18 12:57:51 | INFO     | ETL | Starting loding phase
2026-06-18 12:57:51 | INFO     | ETL | Preparing to load nodes | node_type=tactic | count=16
2026-06-18 12:57:51 | INFO     | ETL | Nodes loaded into Neo4j | nodes=16
2026-06-18 12:57:51 | INFO     | ETL | Preparing to load nodes | node_type=technique | count=170
2026-06-18 12:57:51 | INFO     | ETL | Nodes loaded into Neo4j | nodes=170
2026-06-18 12:57:51 | INFO     | ETL | Preparing to load nodes | node_type=mitigation | count=35
2026-06-18 12:57:51 | INFO     | ETL | Nodes loaded into Neo4j | nodes=35
2026-06-18 12:57:51 | INFO     | ETL | Preparing to load nodes | node_type=casestudy | count=57
2026-06-18 12:57:51 | INFO     | ETL | Nodes loaded into Neo4j | nodes=57
2026-06-18 12:57:51 | INFO     | ETL | Preparing to load relationships | relationship_type=subtechnique_of | count=69
2026-06-18 12:57:51 | INFO     | ETL | Data loaded into Neo4j | relationships=69
2026-06-18 12:57:51 | INFO     | ETL | Preparing to load relationships | relationship_type=mitigates | count=246
2026-06-18 12:57:51 | INFO     | ETL | Data loaded into Neo4j | relationships=246
2026-06-18 12:57:51 | INFO     | ETL | Preparing to load relationships | relationship_type=uses | count=449
2026-06-18 12:57:51 | INFO     | ETL | Data loaded into Neo4j | relationships=449
2026-06-18 13:10:39 | INFO     | ETL | Processing data in parallel | total_records=1044 | chunk_size=100 | total_chunks=11
2026-06-18 13:10:39 | INFO     | ETL | Completed parallel processing | total_chunks=11
2026-06-18 13:10:39 | INFO     | ETL | Completed advanced processing | total_advanced_chunks=1
2026-06-18 13:10:39 | INFO     | ETL | ->Advanced processing results | total_advanced_relations=170
2026-06-18 13:10:39 | INFO     | ETL | Data processing completed, starting load phase | total_entities=278 | total_relationships=934
2026-06-18 13:10:39 | INFO     | ETL | Starting loding phase
2026-06-18 13:10:39 | INFO     | ETL | Preparing to load nodes | node_type=tactic | count=16
2026-06-18 13:10:39 | INFO     | ETL | Nodes loaded into Neo4j | nodes=16
2026-06-18 13:10:39 | INFO     | ETL | Preparing to load nodes | node_type=technique | count=170
2026-06-18 13:10:39 | INFO     | ETL | Nodes loaded into Neo4j | nodes=170
2026-06-18 13:10:39 | INFO     | ETL | Preparing to load nodes | node_type=mitigation | count=35
2026-06-18 13:10:39 | INFO     | ETL | Nodes loaded into Neo4j | nodes=35
2026-06-18 13:10:39 | INFO     | ETL | Preparing to load nodes | node_type=casestudy | count=57
2026-06-18 13:10:39 | INFO     | ETL | Nodes loaded into Neo4j | nodes=57
2026-06-18 13:10:39 | INFO     | ETL | Preparing to load relationships | relationship_type=subtechnique_of | count=69
2026-06-18 13:10:39 | INFO     | ETL | Data loaded into Neo4j | relationships=69
2026-06-18 13:10:39 | INFO     | ETL | Preparing to load relationships | relationship_type=mitigates | count=246
2026-06-18 13:10:39 | INFO     | ETL | Data loaded into Neo4j | relationships=246
2026-06-18 13:10:39 | INFO     | ETL | Preparing to load relationships | relationship_type=uses | count=449
2026-06-18 13:10:39 | INFO     | ETL | Data loaded into Neo4j | relationships=449
2026-06-18 13:10:39 | INFO     | ETL | Preparing to load relationships | relationship_type=uses_tactic | count=170
2026-06-18 13:10:39 | INFO     | ETL | Data loaded into Neo4j | relationships=170
2026-06-18 17:36:28 | INFO     | ETL | Processing data in parallel | total_records=1044 | chunk_size=100 | total_chunks=11
2026-06-18 17:36:28 | INFO     | ETL | Completed parallel processing | total_chunks=11
2026-06-18 17:36:28 | INFO     | ETL | Completed advanced processing | total_advanced_chunks=1
2026-06-18 17:36:28 | INFO     | ETL | ->Advanced processing results | total_advanced_relations=170
2026-06-18 17:36:28 | INFO     | ETL | Data processing completed, starting load phase | total_entities=278 | total_relationships=934
2026-06-18 17:36:28 | INFO     | ETL | Creating target components (layers and relationships)
2026-06-18 17:37:16 | INFO     | ETL | Processing data in parallel | total_records=1044 | chunk_size=100 | total_chunks=11
2026-06-18 17:37:16 | INFO     | ETL | Completed parallel processing | total_chunks=11
2026-06-18 17:37:16 | INFO     | ETL | Completed advanced processing | total_advanced_chunks=1
2026-06-18 17:37:16 | INFO     | ETL | ->Advanced processing results | total_advanced_relations=170
2026-06-18 17:37:16 | INFO     | ETL | Data processing completed, starting load phase | total_entities=278 | total_relationships=934
2026-06-18 17:37:16 | INFO     | ETL | Creating target components (layers and relationships)
2026-06-18 17:38:11 | INFO     | ETL | Processing data in parallel | total_records=1044 | chunk_size=100 | total_chunks=11
2026-06-18 17:38:11 | INFO     | ETL | Completed parallel processing | total_chunks=11
2026-06-18 17:38:11 | INFO     | ETL | Completed advanced processing | total_advanced_chunks=1
2026-06-18 17:38:11 | INFO     | ETL | ->Advanced processing results | total_advanced_relations=170
2026-06-18 17:38:11 | INFO     | ETL | Data processing completed, starting load phase | total_entities=278 | total_relationships=934
2026-06-18 17:38:11 | INFO     | ETL | Creating target components (layers and relationships)
2026-06-18 17:51:41 | INFO     | ETL | Processing data in parallel | total_records=1044 | chunk_size=100 | total_chunks=11
2026-06-18 17:51:41 | INFO     | ETL | Completed parallel processing | total_chunks=11
2026-06-18 17:51:41 | INFO     | ETL | Completed advanced processing | total_advanced_chunks=1
2026-06-18 17:51:41 | INFO     | ETL | ->Advanced processing results | total_advanced_relations=170
2026-06-18 17:51:41 | INFO     | ETL | Data processing completed, starting load phase | total_entities=278 | total_relationships=934
2026-06-18 17:51:41 | INFO     | ETL | Creating target components (layers and relationships)
2026-06-18 17:52:09 | INFO     | ETL | Processing data in parallel | total_records=1044 | chunk_size=100 | total_chunks=11
2026-06-18 17:52:09 | INFO     | ETL | Completed parallel processing | total_chunks=11
2026-06-18 17:52:09 | INFO     | ETL | Completed advanced processing | total_advanced_chunks=1
2026-06-18 17:52:09 | INFO     | ETL | ->Advanced processing results | total_advanced_relations=170
2026-06-18 17:52:09 | INFO     | ETL | Data processing completed, starting load phase | total_entities=278 | total_relationships=934
2026-06-18 17:52:09 | INFO     | ETL | Creating target components (layers and relationships)
2026-06-18 17:53:53 | INFO     | ETL | Processing data in parallel | total_records=1044 | chunk_size=100 | total_chunks=11
2026-06-18 17:53:53 | INFO     | ETL | Completed parallel processing | total_chunks=11
2026-06-18 17:53:53 | INFO     | ETL | Completed advanced processing | total_advanced_chunks=1
2026-06-18 17:53:53 | INFO     | ETL | ->Advanced processing results | total_advanced_relations=170
2026-06-18 17:53:53 | INFO     | ETL | Data processing completed, starting load phase | total_entities=278 | total_relationships=934
2026-06-18 17:53:53 | INFO     | ETL | Creating target components (layers and relationships)
2026-06-18 17:56:25 | INFO     | ETL | Processing data in parallel | total_records=1044 | chunk_size=100 | total_chunks=11
2026-06-18 17:56:25 | INFO     | ETL | Completed parallel processing | total_chunks=11
2026-06-18 17:56:25 | INFO     | ETL | Completed advanced processing | total_advanced_chunks=1
2026-06-18 17:56:25 | INFO     | ETL | ->Advanced processing results | total_advanced_relations=170
2026-06-18 17:56:25 | INFO     | ETL | Data processing completed, starting load phase | total_entities=278 | total_relationships=934
2026-06-18 17:56:25 | INFO     | ETL | Creating target components (layers and relationships)
2026-06-18 17:58:21 | INFO     | ETL | Processing data in parallel | total_records=1044 | chunk_size=100 | total_chunks=11
2026-06-18 17:58:21 | INFO     | ETL | Completed parallel processing | total_chunks=11
2026-06-18 17:58:21 | INFO     | ETL | Completed advanced processing | total_advanced_chunks=1
2026-06-18 17:58:21 | INFO     | ETL | ->Advanced processing results | total_advanced_relations=170
2026-06-18 17:58:21 | INFO     | ETL | Data processing completed, starting load phase | total_entities=278 | total_relationships=934
2026-06-18 17:58:21 | INFO     | ETL | Creating target components (layers and relationships)
2026-06-18 17:58:32 | INFO     | ETL | Processing data in parallel | total_records=1044 | chunk_size=100 | total_chunks=11
2026-06-18 17:58:32 | INFO     | ETL | Completed parallel processing | total_chunks=11
2026-06-18 17:58:32 | INFO     | ETL | Completed advanced processing | total_advanced_chunks=1
2026-06-18 17:58:32 | INFO     | ETL | ->Advanced processing results | total_advanced_relations=170
2026-06-18 17:58:32 | INFO     | ETL | Data processing completed, starting load phase | total_entities=278 | total_relationships=934
2026-06-18 17:58:32 | INFO     | ETL | Creating target components (layers and relationships)
2026-06-18 17:58:57 | INFO     | ETL | Processing data in parallel | total_records=1044 | chunk_size=100 | total_chunks=11
2026-06-18 17:58:57 | INFO     | ETL | Completed parallel processing | total_chunks=11
2026-06-18 17:58:57 | INFO     | ETL | Completed advanced processing | total_advanced_chunks=1
2026-06-18 17:58:57 | INFO     | ETL | ->Advanced processing results | total_advanced_relations=170
2026-06-18 17:58:57 | INFO     | ETL | Data processing completed, starting load phase | total_entities=278 | total_relationships=934
2026-06-18 17:58:57 | INFO     | ETL | Creating target components (layers and relationships)
2026-06-18 17:59:17 | INFO     | ETL | Processing data in parallel | total_records=1044 | chunk_size=100 | total_chunks=11
2026-06-18 17:59:17 | INFO     | ETL | Completed parallel processing | total_chunks=11
2026-06-18 17:59:17 | INFO     | ETL | Completed advanced processing | total_advanced_chunks=1
2026-06-18 17:59:17 | INFO     | ETL | ->Advanced processing results | total_advanced_relations=170
2026-06-18 17:59:17 | INFO     | ETL | Data processing completed, starting load phase | total_entities=278 | total_relationships=934
2026-06-18 17:59:17 | INFO     | ETL | Creating target components (layers and relationships)
2026-06-18 18:02:48 | INFO     | ETL | Processing data in parallel | total_records=1044 | chunk_size=100 | total_chunks=11
2026-06-18 18:02:48 | INFO     | ETL | Completed parallel processing | total_chunks=11
2026-06-18 18:02:48 | INFO     | ETL | Completed advanced processing | total_advanced_chunks=1
2026-06-18 18:02:48 | INFO     | ETL | ->Advanced processing results | total_advanced_relations=170
2026-06-18 18:02:48 | INFO     | ETL | Data processing completed, starting load phase | total_entities=278 | total_relationships=934
2026-06-18 18:02:48 | INFO     | ETL | Creating target components (layers and relationships)
2026-06-18 18:04:50 | INFO     | ETL | Processing data in parallel | total_records=1044 | chunk_size=100 | total_chunks=11
2026-06-18 18:04:50 | INFO     | ETL | Completed parallel processing | total_chunks=11
2026-06-18 18:04:50 | INFO     | ETL | Completed advanced processing | total_advanced_chunks=1
2026-06-18 18:04:50 | INFO     | ETL | ->Advanced processing results | total_advanced_relations=170
2026-06-18 18:04:50 | INFO     | ETL | Data processing completed, starting load phase | total_entities=278 | total_relationships=934
2026-06-18 18:04:50 | INFO     | ETL | Creating target components (layers and relationships)
2026-06-18 18:11:49 | INFO     | ETL | Processing data in parallel | total_records=1044 | chunk_size=100 | total_chunks=11
2026-06-18 18:11:49 | INFO     | ETL | Completed parallel processing | total_chunks=11
2026-06-18 18:11:49 | INFO     | ETL | Completed advanced processing | total_advanced_chunks=1
2026-06-18 18:11:49 | INFO     | ETL | ->Advanced processing results | total_advanced_relations=170
2026-06-18 18:11:49 | INFO     | ETL | Data processing completed, starting load phase | total_entities=278 | total_relationships=934
2026-06-18 18:11:49 | INFO     | ETL | Creating target components (layers and relationships)
2026-06-18 18:14:03 | INFO     | ETL | Processing data in parallel | total_records=1044 | chunk_size=100 | total_chunks=11
2026-06-18 18:14:03 | INFO     | ETL | Completed parallel processing | total_chunks=11
2026-06-18 18:14:03 | INFO     | ETL | Completed advanced processing | total_advanced_chunks=1
2026-06-18 18:14:03 | INFO     | ETL | ->Advanced processing results | total_advanced_relations=170
2026-06-18 18:14:03 | INFO     | ETL | Data processing completed, starting load phase | total_entities=278 | total_relationships=934
2026-06-18 18:14:03 | INFO     | ETL | Creating target components (layers and relationships)
2026-06-18 18:19:09 | INFO     | ETL | Processing data in parallel | total_records=1044 | chunk_size=100 | total_chunks=11
2026-06-18 18:19:09 | INFO     | ETL | Completed parallel processing | total_chunks=11
2026-06-18 18:19:09 | INFO     | ETL | Completed advanced processing | total_advanced_chunks=1
2026-06-18 18:19:09 | INFO     | ETL | ->Advanced processing results | total_advanced_relations=170
2026-06-18 18:19:09 | INFO     | ETL | Data processing completed, starting load phase | total_entities=278 | total_relationships=934
2026-06-18 18:19:09 | INFO     | ETL | Creating target components (layers and relationships)
2026-06-18 18:34:31 | INFO     | ETL | Processing data in parallel | total_records=1044 | chunk_size=100 | total_chunks=11
2026-06-18 18:34:31 | INFO     | ETL | Completed parallel processing | total_chunks=11
2026-06-18 18:34:31 | INFO     | ETL | Completed advanced processing | total_advanced_chunks=1
2026-06-18 18:34:31 | INFO     | ETL | ->Advanced processing results | total_advanced_relations=170
2026-06-18 18:34:31 | INFO     | ETL | Data processing completed, starting load phase | total_entities=278 | total_relationships=934
2026-06-18 18:34:31 | INFO     | ETL | Creating target components (layers and relationships)
2026-06-18 19:00:41 | INFO     | ETL | Processing data in parallel | total_records=1044 | chunk_size=100 | total_chunks=11
2026-06-18 19:00:41 | INFO     | ETL | Completed parallel processing | total_chunks=11
2026-06-18 19:00:41 | INFO     | ETL | Completed advanced processing | total_advanced_chunks=1
2026-06-18 19:00:41 | INFO     | ETL | ->Advanced processing results | total_advanced_relations=170
2026-06-18 19:00:41 | INFO     | ETL | Data processing completed, starting load phase | total_entities=278 | total_relationships=934
2026-06-18 19:00:41 | INFO     | ETL | Creating target components (layers and relationships)
2026-06-18 19:01:20 | INFO     | ETL | Processing data in parallel | total_records=1044 | chunk_size=100 | total_chunks=11
2026-06-18 19:01:20 | INFO     | ETL | Completed parallel processing | total_chunks=11
2026-06-18 19:01:20 | INFO     | ETL | Completed advanced processing | total_advanced_chunks=1
2026-06-18 19:01:20 | INFO     | ETL | ->Advanced processing results | total_advanced_relations=170
2026-06-18 19:01:20 | INFO     | ETL | Data processing completed, starting load phase | total_entities=278 | total_relationships=934
2026-06-18 19:01:20 | INFO     | ETL | Creating target components (layers and relationships)
2026-06-18 19:17:36 | INFO     | ETL | Processing data in parallel | total_records=1044 | chunk_size=100 | total_chunks=11
2026-06-18 19:17:36 | INFO     | ETL | Completed parallel processing | total_chunks=11
2026-06-18 19:17:36 | INFO     | ETL | Completed advanced processing | total_advanced_chunks=1
2026-06-18 19:17:36 | INFO     | ETL | ->Advanced processing results | total_advanced_relations=170
2026-06-18 19:17:36 | INFO     | ETL | Data processing completed, starting load phase | total_entities=278 | total_relationships=934
2026-06-18 19:17:36 | INFO     | ETL | Creating target components (layers and relationships)
2026-06-18 19:19:06 | INFO     | ETL | Processing data in parallel | total_records=1044 | chunk_size=100 | total_chunks=11
2026-06-18 19:19:06 | INFO     | ETL | Completed parallel processing | total_chunks=11
2026-06-18 19:19:06 | INFO     | ETL | Completed advanced processing | total_advanced_chunks=1
2026-06-18 19:19:06 | INFO     | ETL | ->Advanced processing results | total_advanced_relations=170
2026-06-18 19:19:06 | INFO     | ETL | Data processing completed, starting load phase | total_entities=278 | total_relationships=934
2026-06-18 19:19:06 | INFO     | ETL | Creating target components (layers and relationships)
2026-06-18 19:20:40 | INFO     | ETL | Processing data in parallel | total_records=1044 | chunk_size=100 | total_chunks=11
2026-06-18 19:20:40 | INFO     | ETL | Completed parallel processing | total_chunks=11
2026-06-18 19:20:40 | INFO     | ETL | Completed advanced processing | total_advanced_chunks=1
2026-06-18 19:20:40 | INFO     | ETL | ->Advanced processing results | total_advanced_relations=170
2026-06-18 19:20:40 | INFO     | ETL | Data processing completed, starting load phase | total_entities=278 | total_relationships=934
2026-06-18 19:20:40 | INFO     | ETL | Creating target components (layers and relationships)
2026-06-18 19:41:44 | INFO     | ETL | Processing data in parallel | total_records=1044 | chunk_size=100 | total_chunks=11
2026-06-18 19:41:44 | INFO     | ETL | Completed parallel processing | total_chunks=11
2026-06-18 19:41:44 | INFO     | ETL | Completed advanced processing | total_advanced_chunks=1
2026-06-18 19:41:44 | INFO     | ETL | ->Advanced processing results | total_advanced_relations=170
2026-06-18 19:41:44 | INFO     | ETL | Data processing completed, starting load phase | total_entities=278 | total_relationships=934
2026-06-18 19:41:44 | INFO     | ETL | Creating target components (layers and relationships)
2026-06-18 19:47:40 | INFO     | ETL | Processing data in parallel | total_records=1044 | chunk_size=100 | total_chunks=11
2026-06-18 19:47:40 | INFO     | ETL | Completed parallel processing | total_chunks=11
2026-06-18 19:47:40 | INFO     | ETL | Completed advanced processing | total_advanced_chunks=1
2026-06-18 19:47:40 | INFO     | ETL | ->Advanced processing results | total_advanced_relations=170
2026-06-18 19:47:40 | INFO     | ETL | Data processing completed, starting load phase | total_entities=278 | total_relationships=934
2026-06-18 19:47:40 | INFO     | ETL | Creating target components (layers and relationships)
2026-06-18 19:50:16 | INFO     | ETL | Processing data in parallel | total_records=1044 | chunk_size=100 | total_chunks=11
2026-06-18 19:50:16 | INFO     | ETL | Completed parallel processing | total_chunks=11
2026-06-18 19:50:16 | INFO     | ETL | Completed advanced processing | total_advanced_chunks=1
2026-06-18 19:50:16 | INFO     | ETL | ->Advanced processing results | total_advanced_relations=170
2026-06-18 19:50:16 | INFO     | ETL | Data processing completed, starting load phase | total_entities=278 | total_relationships=934
2026-06-18 19:50:16 | INFO     | ETL | Creating target components (layers and relationships)
2026-06-18 19:53:14 | INFO     | ETL | Processing data in parallel | total_records=1044 | chunk_size=100 | total_chunks=11
2026-06-18 19:53:14 | INFO     | ETL | Completed parallel processing | total_chunks=11
2026-06-18 19:53:14 | INFO     | ETL | Completed advanced processing | total_advanced_chunks=1
2026-06-18 19:53:14 | INFO     | ETL | ->Advanced processing results | total_advanced_relations=170
2026-06-18 19:53:14 | INFO     | ETL | Data processing completed, starting load phase | total_entities=278 | total_relationships=934
2026-06-18 19:53:14 | INFO     | ETL | Creating target components (layers and relationships)
2026-06-18 20:06:31 | INFO     | ETL | Processing data in parallel | total_records=1044 | chunk_size=100 | total_chunks=11
2026-06-18 20:06:31 | INFO     | ETL | Completed parallel processing | total_chunks=11
2026-06-18 20:06:31 | INFO     | ETL | Completed advanced processing | total_advanced_chunks=1
2026-06-18 20:06:31 | INFO     | ETL | ->Advanced processing results | total_advanced_relations=170
2026-06-18 20:06:31 | INFO     | ETL | Data processing completed, starting load phase | total_entities=278 | total_relationships=934
2026-06-18 20:06:31 | INFO     | ETL | Creating target components (layers and relationships)
2026-06-18 20:08:49 | INFO     | ETL | Processing data in parallel | total_records=1044 | chunk_size=100 | total_chunks=11
2026-06-18 20:08:49 | INFO     | ETL | Completed parallel processing | total_chunks=11
2026-06-18 20:08:49 | INFO     | ETL | Completed advanced processing | total_advanced_chunks=1
2026-06-18 20:08:49 | INFO     | ETL | ->Advanced processing results | total_advanced_relations=170
2026-06-18 20:08:49 | INFO     | ETL | Data processing completed, starting load phase | total_entities=278 | total_relationships=934
2026-06-18 20:08:49 | INFO     | ETL | Creating target components (layers and relationships)
2026-06-18 20:09:42 | INFO     | ETL | Processing data in parallel | total_records=1044 | chunk_size=100 | total_chunks=11
2026-06-18 20:09:42 | INFO     | ETL | Completed parallel processing | total_chunks=11
2026-06-18 20:09:42 | INFO     | ETL | Completed advanced processing | total_advanced_chunks=1
2026-06-18 20:09:42 | INFO     | ETL | ->Advanced processing results | total_advanced_relations=170
2026-06-18 20:09:42 | INFO     | ETL | Data processing completed, starting load phase | total_entities=278 | total_relationships=934
2026-06-18 20:09:42 | INFO     | ETL | Creating target components (layers and relationships)
2026-06-18 20:09:54 | INFO     | ETL | Extending entities and relations with target components {target_entities} {target_relations} | total_target_entities=5 | total_target_relationships=10
2026-06-18 20:09:54 | INFO     | ETL | Starting loding phase
2026-06-18 20:09:54 | INFO     | ETL | Preparing to load nodes | node_type=tactic | count=16
2026-06-18 20:09:54 | INFO     | ETL | Nodes loaded into Neo4j | nodes=16
2026-06-18 20:09:54 | INFO     | ETL | Preparing to load nodes | node_type=technique | count=170
2026-06-18 20:09:54 | INFO     | ETL | Nodes loaded into Neo4j | nodes=170
2026-06-18 20:09:54 | INFO     | ETL | Preparing to load nodes | node_type=mitigation | count=35
2026-06-18 20:09:54 | INFO     | ETL | Nodes loaded into Neo4j | nodes=35
2026-06-18 20:09:54 | INFO     | ETL | Preparing to load nodes | node_type=casestudy | count=57
2026-06-18 20:09:54 | INFO     | ETL | Nodes loaded into Neo4j | nodes=57
2026-06-18 20:09:54 | INFO     | ETL | Preparing to load nodes | node_type=ui | count=1
2026-06-18 20:09:54 | INFO     | ETL | Nodes loaded into Neo4j | nodes=1
2026-06-18 20:09:54 | INFO     | ETL | Preparing to load nodes | node_type=application | count=1
2026-06-18 20:09:54 | INFO     | ETL | Nodes loaded into Neo4j | nodes=1
2026-06-18 20:09:54 | INFO     | ETL | Preparing to load nodes | node_type=model | count=1
2026-06-18 20:09:54 | INFO     | ETL | Nodes loaded into Neo4j | nodes=1
2026-06-18 20:09:54 | INFO     | ETL | Preparing to load nodes | node_type=infrastructure | count=1
2026-06-18 20:09:54 | INFO     | ETL | Nodes loaded into Neo4j | nodes=1
2026-06-18 20:09:54 | INFO     | ETL | Preparing to load nodes | node_type=data_sources | count=1
2026-06-18 20:09:54 | INFO     | ETL | Nodes loaded into Neo4j | nodes=1
2026-06-18 20:09:54 | INFO     | ETL | Preparing to load relationships | relationship_type=subtechnique_of | count=69
2026-06-18 20:09:54 | INFO     | ETL | Data loaded into Neo4j | relationships=69
2026-06-18 20:09:54 | INFO     | ETL | Preparing to load relationships | relationship_type=mitigates | count=246
2026-06-18 20:09:55 | INFO     | ETL | Data loaded into Neo4j | relationships=246
2026-06-18 20:09:55 | INFO     | ETL | Preparing to load relationships | relationship_type=uses | count=449
2026-06-18 20:09:55 | INFO     | ETL | Data loaded into Neo4j | relationships=449
2026-06-18 20:09:55 | INFO     | ETL | Preparing to load relationships | relationship_type=uses_tactic | count=170
2026-06-18 20:09:55 | INFO     | ETL | Data loaded into Neo4j | relationships=170
2026-06-18 20:09:55 | INFO     | ETL | Preparing to load relationships | relationship_type=Target | count=10
2026-06-18 20:09:55 | INFO     | ETL | Data loaded into Neo4j | relationships=10
2026-06-18 23:14:31 | INFO     | ETL | Processing data in parallel | total_records=1044 | chunk_size=100 | total_chunks=11
2026-06-18 23:14:32 | INFO     | ETL | Completed parallel processing | total_chunks=11
2026-06-18 23:14:32 | INFO     | ETL | Completed advanced processing | total_advanced_chunks=1
2026-06-18 23:14:32 | INFO     | ETL | ->Advanced processing results | total_advanced_relations=170
2026-06-18 23:14:32 | INFO     | ETL | Data processing completed, starting load phase | total_entities=278 | total_relationships=934
2026-06-18 23:14:32 | INFO     | ETL | Creating target components (layers and relationships)
2026-06-18 23:18:59 | INFO     | ETL | Processing data in parallel | total_records=1044 | chunk_size=100 | total_chunks=11
2026-06-18 23:18:59 | INFO     | ETL | Completed parallel processing | total_chunks=11
2026-06-18 23:18:59 | INFO     | ETL | Completed advanced processing | total_advanced_chunks=1
2026-06-18 23:18:59 | INFO     | ETL | ->Advanced processing results | total_advanced_relations=170
2026-06-18 23:18:59 | INFO     | ETL | Data processing completed, starting load phase | total_entities=278 | total_relationships=934
2026-06-18 23:18:59 | INFO     | ETL | Creating target components (layers and relationships)
2026-06-18 23:23:49 | INFO     | ETL | Processing data in parallel | total_records=1044 | chunk_size=100 | total_chunks=11
2026-06-18 23:23:49 | INFO     | ETL | Completed parallel processing | total_chunks=11
2026-06-18 23:23:49 | INFO     | ETL | Completed advanced processing | total_advanced_chunks=1
2026-06-18 23:23:49 | INFO     | ETL | ->Advanced processing results | total_advanced_relations=170
2026-06-18 23:23:49 | INFO     | ETL | Data processing completed, starting load phase | total_entities=278 | total_relationships=934
2026-06-18 23:23:49 | INFO     | ETL | Creating target components (layers and relationships)
2026-06-18 23:24:40 | INFO     | ETL | Extending entities and relations with target components {target_entities} {target_relations} | total_target_entities=5 | total_target_relationships=50
2026-06-18 23:24:40 | INFO     | ETL | Starting loding phase
2026-06-18 23:24:40 | INFO     | ETL | Preparing to load nodes | node_type=tactic | count=16
2026-06-18 23:24:40 | INFO     | ETL | Nodes loaded into Neo4j | nodes=16
2026-06-18 23:24:40 | INFO     | ETL | Preparing to load nodes | node_type=technique | count=170
2026-06-18 23:24:40 | INFO     | ETL | Nodes loaded into Neo4j | nodes=170
2026-06-18 23:24:40 | INFO     | ETL | Preparing to load nodes | node_type=mitigation | count=35
2026-06-18 23:24:40 | INFO     | ETL | Nodes loaded into Neo4j | nodes=35
2026-06-18 23:24:40 | INFO     | ETL | Preparing to load nodes | node_type=casestudy | count=57
2026-06-18 23:24:40 | INFO     | ETL | Nodes loaded into Neo4j | nodes=57
2026-06-18 23:24:40 | INFO     | ETL | Preparing to load nodes | node_type=ui | count=1
2026-06-18 23:24:40 | INFO     | ETL | Nodes loaded into Neo4j | nodes=1
2026-06-18 23:24:40 | INFO     | ETL | Preparing to load nodes | node_type=application | count=1
2026-06-18 23:24:40 | INFO     | ETL | Nodes loaded into Neo4j | nodes=1
2026-06-18 23:24:40 | INFO     | ETL | Preparing to load nodes | node_type=model | count=1
2026-06-18 23:24:40 | INFO     | ETL | Nodes loaded into Neo4j | nodes=1
2026-06-18 23:24:40 | INFO     | ETL | Preparing to load nodes | node_type=infrastructure | count=1
2026-06-18 23:24:40 | INFO     | ETL | Nodes loaded into Neo4j | nodes=1
2026-06-18 23:24:40 | INFO     | ETL | Preparing to load nodes | node_type=data_sources | count=1
2026-06-18 23:24:40 | INFO     | ETL | Nodes loaded into Neo4j | nodes=1
2026-06-18 23:24:40 | INFO     | ETL | Preparing to load relationships | relationship_type=subtechnique_of | count=69
2026-06-18 23:24:40 | INFO     | ETL | Data loaded into Neo4j | relationships=69
2026-06-18 23:24:40 | INFO     | ETL | Preparing to load relationships | relationship_type=mitigates | count=246
2026-06-18 23:24:41 | INFO     | ETL | Data loaded into Neo4j | relationships=246
2026-06-18 23:24:41 | INFO     | ETL | Preparing to load relationships | relationship_type=uses | count=449
2026-06-18 23:24:41 | INFO     | ETL | Data loaded into Neo4j | relationships=449
2026-06-18 23:24:41 | INFO     | ETL | Preparing to load relationships | relationship_type=uses_tactic | count=170
2026-06-18 23:24:41 | INFO     | ETL | Data loaded into Neo4j | relationships=170
2026-06-18 23:24:41 | INFO     | ETL | Preparing to load relationships | relationship_type=Target | count=50
2026-06-18 23:24:41 | INFO     | ETL | Data loaded into Neo4j | relationships=50
