2026-06-18 13:07:35 | INFO     | ETL | Processing data in parallel | total_records=1044 | chunk_size=100 | total_chunks=11
2026-06-18 13:09:38 | INFO     | ETL | Completed parallel processing | total_chunks=11
2026-06-18 13:09:38 | INFO     | ETL | Completed advanced processing | total_advanced_chunks=1
2026-06-18 13:09:38 | INFO     | ETL | ->Advanced processing results | total_advanced_relations=0
2026-06-18 13:09:38 | INFO     | ETL | Data processing completed, starting load phase | total_entities=278 | total_relationships=764
2026-06-18 13:09:38 | INFO     | ETL | Starting loding phase
2026-06-18 13:09:38 | INFO     | ETL | Preparing to load nodes | node_type=tactic | count=16
2026-06-18 13:09:39 | INFO     | ETL | Nodes loaded into Neo4j | nodes=16
2026-06-18 13:09:39 | INFO     | ETL | Preparing to load nodes | node_type=technique | count=170
2026-06-18 13:09:39 | INFO     | ETL | Nodes loaded into Neo4j | nodes=170
2026-06-18 13:09:39 | INFO     | ETL | Preparing to load nodes | node_type=mitigation | count=35
2026-06-18 13:09:39 | INFO     | ETL | Nodes loaded into Neo4j | nodes=35
2026-06-18 13:09:39 | INFO     | ETL | Preparing to load nodes | node_type=casestudy | count=57
2026-06-18 13:09:39 | INFO     | ETL | Nodes loaded into Neo4j | nodes=57
2026-06-18 13:09:39 | INFO     | ETL | Preparing to load relationships | relationship_type=subtechnique_of | count=69
2026-06-18 13:09:39 | INFO     | ETL | Data loaded into Neo4j | relationships=69
2026-06-18 13:09:39 | INFO     | ETL | Preparing to load relationships | relationship_type=mitigates | count=246
2026-06-18 13:09:39 | INFO     | ETL | Data loaded into Neo4j | relationships=246
2026-06-18 13:09:39 | INFO     | ETL | Preparing to load relationships | relationship_type=uses | count=449
2026-06-18 13:09:39 | INFO     | ETL | Data loaded into Neo4j | relationships=449
2026-06-18 13:09:52 | INFO     | ETL | Processing data in parallel | total_records=1044 | chunk_size=100 | total_chunks=11
2026-06-18 13:10:05 | INFO     | ETL | Completed parallel processing | total_chunks=11
2026-06-18 13:10:05 | INFO     | ETL | Completed advanced processing | total_advanced_chunks=1
2026-06-18 13:10:05 | INFO     | ETL | ->Advanced processing results | total_advanced_relations=170
2026-06-18 13:10:05 | INFO     | ETL | Data processing completed, starting load phase | total_entities=278 | total_relationships=934
2026-06-18 13:10:05 | INFO     | ETL | Starting loding phase
2026-06-18 13:10:05 | INFO     | ETL | Preparing to load nodes | node_type=tactic | count=16
2026-06-18 13:10:05 | INFO     | ETL | Nodes loaded into Neo4j | nodes=16
2026-06-18 13:10:05 | INFO     | ETL | Preparing to load nodes | node_type=technique | count=170
2026-06-18 13:10:05 | INFO     | ETL | Nodes loaded into Neo4j | nodes=170
2026-06-18 13:10:05 | INFO     | ETL | Preparing to load nodes | node_type=mitigation | count=35
2026-06-18 13:10:05 | INFO     | ETL | Nodes loaded into Neo4j | nodes=35
2026-06-18 13:10:05 | INFO     | ETL | Preparing to load nodes | node_type=casestudy | count=57
2026-06-18 13:10:05 | INFO     | ETL | Nodes loaded into Neo4j | nodes=57
2026-06-18 13:10:05 | INFO     | ETL | Preparing to load relationships | relationship_type=subtechnique_of | count=69
2026-06-18 13:10:05 | INFO     | ETL | Data loaded into Neo4j | relationships=69
2026-06-18 13:10:05 | INFO     | ETL | Preparing to load relationships | relationship_type=mitigates | count=246
2026-06-18 13:10:05 | INFO     | ETL | Data loaded into Neo4j | relationships=246
2026-06-18 13:10:05 | INFO     | ETL | Preparing to load relationships | relationship_type=uses | count=449
2026-06-18 13:10:05 | INFO     | ETL | Data loaded into Neo4j | relationships=449
2026-06-18 13:10:05 | INFO     | ETL | Preparing to load relationships | relationship_type=uses_tactic | count=170
2026-06-18 13:10:05 | INFO     | ETL | Data loaded into Neo4j | relationships=170
2026-06-18 19:59:05 | INFO     | ETL | Processing data in parallel | total_records=1044 | chunk_size=100 | total_chunks=11
2026-06-18 19:59:06 | INFO     | ETL | Completed parallel processing | total_chunks=11
2026-06-18 19:59:06 | INFO     | ETL | Completed advanced processing | total_advanced_chunks=1
2026-06-18 19:59:06 | INFO     | ETL | ->Advanced processing results | total_advanced_relations=170
2026-06-18 19:59:06 | INFO     | ETL | Data processing completed, starting load phase | total_entities=278 | total_relationships=934
2026-06-18 19:59:06 | INFO     | ETL | Creating target components (layers and relationships)
2026-06-18 20:00:15 | INFO     | ETL | Processing data in parallel | total_records=1044 | chunk_size=100 | total_chunks=11
2026-06-18 20:00:16 | INFO     | ETL | Completed parallel processing | total_chunks=11
2026-06-18 20:00:16 | INFO     | ETL | Completed advanced processing | total_advanced_chunks=1
2026-06-18 20:00:16 | INFO     | ETL | ->Advanced processing results | total_advanced_relations=170
2026-06-18 20:00:16 | INFO     | ETL | Data processing completed, starting load phase | total_entities=278 | total_relationships=934
2026-06-18 20:00:16 | INFO     | ETL | Creating target components (layers and relationships)
2026-06-18 20:05:30 | INFO     | ETL | Processing data in parallel | total_records=1044 | chunk_size=100 | total_chunks=11
2026-06-18 20:05:31 | INFO     | ETL | Completed parallel processing | total_chunks=11
2026-06-18 20:05:31 | INFO     | ETL | Completed advanced processing | total_advanced_chunks=1
2026-06-18 20:05:31 | INFO     | ETL | ->Advanced processing results | total_advanced_relations=170
2026-06-18 20:05:31 | INFO     | ETL | Data processing completed, starting load phase | total_entities=278 | total_relationships=934
2026-06-18 20:05:31 | INFO     | ETL | Creating target components (layers and relationships)
